<?xml version="1.0" encoding="utf-8" standalone="no"?>
<!--This file represents the results of running a test suite-->
<test-results name="E:\usr\projects\c#\hsqlado\tests\test.nunit" total="1" failures="0" not-run="0" date="2007-06-20" time="21:30:34">
  <environment nunit-version="2.4.1.0" clr-version="1.1.4322.2032" os-version="Microsoft Windows NT 5.1.2600.0" platform="Win32NT" cwd="E:\usr\projects\c#\hsqlado\tests" machine-name="D106MARTINEZJ2" user="MartinezJ2" user-domain="D106MARTINEZJ2" />
  <culture-info current-culture="en-US" current-uiculture="en-US" />
  <test-suite name="E:\usr\projects\c#\hsqlado\tests\test.nunit" success="True" time="0.063" asserts="0">
    <results>
      <test-suite name="E:\usr\projects\c#\hsqlado\tests\bin\Debug\tests.dll" success="True" time="0.063" asserts="0">
        <results>
          <test-suite name="tests" success="True" time="0.063" asserts="0">
            <results>
              <test-suite name="TestCommand" success="True" time="0.063" asserts="0">
                <results>
                  <test-case name="tests.TestCommand.TestParameterCollectionImplementation" executed="True" success="True" time="0.000" asserts="14" />
                </results>
              </test-suite>
            </results>
          </test-suite>
        </results>
      </test-suite>
    </results>
  </test-suite>
</test-results>